TN:
SF:src\modules\appointments\services\CreateAppointmentService.ts
FN:40,__decorate
FN:40,__metadata
FN:40,__param
FN:40,__awaiter
FN:40,adopt
FN:40,fulfilled
FN:40,rejected
FN:40,step
FN:40,__generator
FN:40,sent
FN:40,g.<computed>
FN:40,verb
FN:40,step
FN:40,__importDefault
FN:15,CreateAppointmentService
FN:20,CreateAppointmentService.execute
FNF:16
FNH:14
FNDA:1,__decorate
FNDA:1,__metadata
FNDA:1,__param
FNDA:3,__awaiter
FNDA:5,adopt
FNDA:5,fulfilled
FNDA:0,rejected
FNDA:7,step
FNDA:3,__generator
FNDA:5,sent
FNDA:0,g.<computed>
FNDA:9,verb
FNDA:8,step
FNDA:1,__importDefault
FNDA:2,CreateAppointmentService
FNDA:3,CreateAppointmentService.execute
DA:1,1
DA:2,1
DA:3,1
DA:4,1
DA:5,1
DA:6,1
DA:7,1
DA:8,1
DA:9,1
DA:10,1
DA:11,1
DA:12,1
DA:13,1
DA:14,1
DA:15,1
DA:16,2
DA:17,2
DA:18,2
DA:19,1
DA:20,1
DA:21,3
DA:22,3
DA:23,3
DA:24,3
DA:25,3
DA:26,3
DA:27,3
DA:28,1
DA:29,1
DA:30,2
DA:31,2
DA:32,2
DA:33,2
DA:34,2
DA:35,3
DA:36,3
DA:37,3
DA:38,1
DA:39,1
DA:40,1
LF:40
LH:40
BRDA:40,0,0,1
BRDA:40,1,0,1
BRDA:40,2,0,0
BRDA:40,3,0,0
BRDA:40,4,0,0
BRDA:40,5,0,0
BRDA:40,6,0,1
BRDA:40,7,0,1
BRDA:40,8,0,1
BRDA:40,9,0,3
BRDA:40,10,0,5
BRDA:40,11,0,0
BRDA:40,12,0,3
BRDA:40,13,0,5
BRDA:40,14,0,1
BRDA:40,15,0,7
BRDA:40,16,0,2
BRDA:40,17,0,5
BRDA:40,18,0,3
BRDA:40,19,0,5
BRDA:40,20,0,0
BRDA:40,21,0,9
BRDA:40,22,0,8
BRDA:40,23,0,8
BRDA:40,24,0,0
BRDA:40,25,0,16
BRDA:40,26,0,0
BRDA:40,27,0,0
BRDA:40,28,0,0
BRDA:40,29,0,0
BRDA:40,30,0,8
BRDA:40,31,0,8
BRDA:40,32,0,5
BRDA:40,33,0,0
BRDA:40,34,0,0
BRDA:40,35,0,3
BRDA:40,36,0,0
BRDA:40,37,0,2
BRDA:40,38,0,0
BRDA:40,39,0,0
BRDA:40,40,0,0
BRDA:40,41,0,0
BRDA:40,42,0,8
BRDA:40,43,0,1
BRDA:40,44,0,8
BRDA:40,45,0,3
BRDA:40,46,0,1
BRDA:40,47,0,2
BRDA:40,48,0,0
BRDA:40,49,0,1
BRDA:40,50,0,0
BRDA:14,51,0,1
BRDA:15,52,0,2
BRDA:20,53,0,3
BRDA:40,54,0,3
BRDA:40,55,0,8
BRDA:40,56,0,3
BRDA:40,57,0,3
BRDA:27,58,0,1
BRDA:29,59,0,2
BRDA:40,60,0,2
BRF:61
BRH:41
end_of_record
TN:
SF:src\modules\users\services\AuthenticateUserService.ts
FN:57,__decorate
FN:57,__metadata
FN:57,__param
FN:57,__awaiter
FN:57,adopt
FN:57,fulfilled
FN:57,rejected
FN:57,step
FN:57,__generator
FN:57,sent
FN:57,g.<computed>
FN:57,verb
FN:57,step
FN:57,__importDefault
FN:22,AuthenticateUserService
FN:30,AuthenticateUserService.execute
FNF:16
FNH:14
FNDA:1,__decorate
FNDA:1,__metadata
FNDA:2,__param
FNDA:3,__awaiter
FNDA:5,adopt
FNDA:5,fulfilled
FNDA:0,rejected
FNDA:6,step
FNDA:3,__generator
FNDA:5,sent
FNDA:0,g.<computed>
FNDA:9,verb
FNDA:8,step
FNDA:2,__importDefault
FNDA:3,AuthenticateUserService
FNDA:3,AuthenticateUserService.execute
DA:1,1
DA:2,1
DA:3,1
DA:4,1
DA:5,1
DA:6,1
DA:7,1
DA:8,1
DA:9,1
DA:10,1
DA:11,1
DA:12,1
DA:13,1
DA:14,1
DA:15,1
DA:16,1
DA:17,1
DA:18,1
DA:19,1
DA:20,1
DA:21,1
DA:22,1
DA:23,3
DA:24,3
DA:25,3
DA:26,3
DA:27,3
DA:28,3
DA:29,1
DA:30,1
DA:31,3
DA:32,3
DA:33,3
DA:34,1
DA:35,1
DA:36,2
DA:37,2
DA:38,2
DA:39,2
DA:40,2
DA:41,3
DA:42,3
DA:43,1
DA:44,1
DA:45,1
DA:46,1
DA:47,1
DA:48,1
DA:49,1
DA:50,1
DA:51,1
DA:52,1
DA:53,1
DA:54,3
DA:55,1
DA:56,1
DA:57,1
LF:57
LH:57
BRDA:57,0,0,1
BRDA:57,1,0,1
BRDA:57,2,0,0
BRDA:57,3,0,0
BRDA:57,4,0,0
BRDA:57,5,0,0
BRDA:57,6,0,1
BRDA:57,7,0,2
BRDA:57,8,0,2
BRDA:57,9,0,3
BRDA:57,10,0,5
BRDA:57,11,0,0
BRDA:57,12,0,3
BRDA:57,13,0,5
BRDA:57,14,0,2
BRDA:57,15,0,6
BRDA:57,16,0,1
BRDA:57,17,0,5
BRDA:57,18,0,3
BRDA:57,19,0,5
BRDA:57,20,0,0
BRDA:57,21,0,9
BRDA:57,22,0,8
BRDA:57,23,0,8
BRDA:57,24,0,0
BRDA:57,25,0,16
BRDA:57,26,0,0
BRDA:57,27,0,0
BRDA:57,28,0,0
BRDA:57,29,0,0
BRDA:57,30,0,8
BRDA:57,31,0,8
BRDA:57,32,0,5
BRDA:57,33,0,0
BRDA:57,34,0,0
BRDA:57,35,0,3
BRDA:57,36,0,0
BRDA:57,37,0,1
BRDA:57,38,0,0
BRDA:57,39,0,0
BRDA:57,40,0,0
BRDA:57,41,0,0
BRDA:57,42,0,8
BRDA:57,43,0,2
BRDA:57,44,0,8
BRDA:57,45,0,3
BRDA:57,46,0,2
BRDA:57,47,0,1
BRDA:57,48,0,0
BRDA:57,49,0,2
BRDA:57,50,0,0
BRDA:21,51,0,1
BRDA:22,52,0,3
BRDA:30,53,0,3
BRDA:57,54,0,3
BRDA:57,55,0,8
BRDA:31,56,0,3
BRDA:57,57,0,3
BRDA:33,58,0,1
BRDA:35,59,0,2
BRDA:57,60,0,2
BRDA:42,61,0,1
BRF:62
BRH:42
end_of_record
TN:
SF:src\modules\users\services\CreateUserService.ts
FN:43,__decorate
FN:43,__metadata
FN:43,__param
FN:43,__awaiter
FN:43,adopt
FN:43,fulfilled
FN:43,rejected
FN:43,step
FN:43,__generator
FN:43,sent
FN:43,g.<computed>
FN:43,verb
FN:43,step
FN:43,__importDefault
FN:16,CreateUserService
FN:24,CreateUserService.execute
FNF:16
FNH:14
FNDA:2,__decorate
FNDA:2,__metadata
FNDA:4,__param
FNDA:5,__awaiter
FNDA:9,adopt
FNDA:9,fulfilled
FNDA:0,rejected
FNDA:13,step
FNDA:5,__generator
FNDA:9,sent
FNDA:0,g.<computed>
FNDA:15,verb
FNDA:14,step
FNDA:2,__importDefault
FNDA:4,CreateUserService
FNDA:5,CreateUserService.execute
DA:1,1
DA:2,1
DA:3,1
DA:4,1
DA:5,1
DA:6,1
DA:7,1
DA:8,1
DA:9,1
DA:10,1
DA:11,1
DA:12,1
DA:13,1
DA:14,1
DA:15,2
DA:16,2
DA:17,4
DA:18,4
DA:19,4
DA:20,4
DA:21,4
DA:22,4
DA:23,2
DA:24,2
DA:25,5
DA:26,5
DA:27,5
DA:28,1
DA:29,1
DA:30,4
DA:31,4
DA:32,5
DA:33,5
DA:34,5
DA:35,5
DA:36,5
DA:37,5
DA:38,5
DA:39,5
DA:40,5
DA:41,2
DA:42,1
DA:43,1
LF:43
LH:43
BRDA:43,0,0,2
BRDA:43,1,0,2
BRDA:43,2,0,0
BRDA:43,3,0,0
BRDA:43,4,0,0
BRDA:43,5,0,0
BRDA:43,6,0,2
BRDA:43,7,0,4
BRDA:43,8,0,4
BRDA:43,9,0,5
BRDA:43,10,0,9
BRDA:43,11,0,0
BRDA:43,12,0,5
BRDA:43,13,0,9
BRDA:43,14,0,1
BRDA:43,15,0,13
BRDA:43,16,0,4
BRDA:43,17,0,9
BRDA:43,18,0,5
BRDA:43,19,0,9
BRDA:43,20,0,0
BRDA:43,21,0,15
BRDA:43,22,0,14
BRDA:43,23,0,14
BRDA:43,24,0,0
BRDA:43,25,0,28
BRDA:43,26,0,0
BRDA:43,27,0,0
BRDA:43,28,0,0
BRDA:43,29,0,0
BRDA:43,30,0,14
BRDA:43,31,0,14
BRDA:43,32,0,9
BRDA:43,33,0,0
BRDA:43,34,0,0
BRDA:43,35,0,5
BRDA:43,36,0,0
BRDA:43,37,0,4
BRDA:43,38,0,0
BRDA:43,39,0,0
BRDA:43,40,0,0
BRDA:43,41,0,0
BRDA:43,42,0,14
BRDA:43,43,0,1
BRDA:43,44,0,14
BRDA:43,45,0,5
BRDA:43,46,0,1
BRDA:43,47,0,4
BRDA:43,48,0,0
BRDA:43,49,0,2
BRDA:43,50,0,0
BRDA:15,51,0,2
BRDA:16,52,0,4
BRDA:24,53,0,5
BRDA:43,54,0,5
BRDA:43,55,0,14
BRDA:25,56,0,5
BRDA:43,57,0,5
BRDA:27,58,0,1
BRDA:29,59,0,4
BRDA:43,60,0,4
BRF:61
BRH:41
end_of_record
TN:
SF:src\modules\users\services\UpdateUserAvatarService.ts
FN:1,(empty-report)
FNF:1
FNH:0
FNDA:0,(empty-report)
DA:1,0
DA:2,0
DA:3,0
DA:4,0
DA:5,0
DA:6,0
DA:7,0
DA:8,0
DA:9,0
DA:10,0
DA:11,0
DA:12,0
DA:13,0
DA:14,0
DA:15,0
DA:16,0
DA:17,0
DA:18,0
DA:19,0
DA:20,0
DA:21,0
DA:22,0
DA:23,0
DA:24,0
DA:25,0
DA:26,0
DA:27,0
DA:28,0
DA:29,0
DA:30,0
DA:31,0
DA:32,0
DA:33,0
DA:34,0
DA:35,0
DA:36,0
DA:37,0
DA:38,0
DA:39,0
DA:40,0
DA:41,0
DA:42,0
DA:43,0
DA:44,0
DA:45,0
DA:46,0
LF:46
LH:0
BRDA:1,0,0,0
BRF:1
BRH:0
end_of_record
